   Compiling serde v1.0.219
   Compiling proc-macro2 v1.0.95
   Compiling getrandom v0.2.16
   Compiling tracing-core v0.1.34
   Compiling miniz_oxide v0.8.9
   Compiling num-traits v0.2.19
   Compiling either v1.15.0
   Compiling clap_builder v4.5.40
   Compiling notify v6.1.1
   Compiling which v4.4.2
   Compiling which v6.0.3
   Compiling rand_core v0.6.4
   Compiling ring v0.17.14
   Compiling quote v1.0.40
   Compiling flate2 v1.1.2
   Compiling tracing v0.1.41
   Compiling password-hash v0.4.2
   Compiling rand_chacha v0.3.1
   Compiling syn v2.0.102
   Compiling backtrace v0.3.75
   Compiling tower v0.4.13
   Compiling rand v0.8.5
   Compiling pbkdf2 v0.11.0
   Compiling rustls-webpki v0.103.3
   Compiling zip v0.6.6
   Compiling rustls v0.23.27
   Compiling synstructure v0.13.2
   Compiling wasm-bindgen-backend v0.2.100
   Compiling serde_derive v1.0.219
   Compiling zerovec-derive v0.11.1
   Compiling futures-macro v0.3.31
   Compiling displaydoc v0.2.5
   Compiling tokio-macros v2.5.0
   Compiling thiserror-impl v1.0.69
   Compiling async-trait v0.1.88
   Compiling clap_derive v4.5.40
   Compiling layer9-macro v0.1.0 (/Users/icedac/2lab.ai/layer9/crates/macro)
   Compiling wasm-bindgen-macro-support v0.2.100
   Compiling zerofrom-derive v0.1.6
