::1 - - [12/Jun/2025 23:21:08] "GET / HTTP/1.1" 200 -
::1 - - [12/Jun/2025 23:21:13] "GET / HTTP/1.1" 200 -
::1 - - [12/Jun/2025 23:21:18] "GET / HTTP/1.1" 200 -
::1 - - [12/Jun/2025 23:21:23] "GET / HTTP/1.1" 200 -
::1 - - [12/Jun/2025 23:21:28] "GET / HTTP/1.1" 200 -
::1 - - [12/Jun/2025 23:21:33] "GET / HTTP/1.1" 200 -
::1 - - [12/Jun/2025 23:21:38] "GET / HTTP/1.1" 200 -
::1 - - [12/Jun/2025 23:21:43] "GET / HTTP/1.1" 200 -
::1 - - [12/Jun/2025 23:21:48] "GET / HTTP/1.1" 200 -
::1 - - [12/Jun/2025 23:21:53] "GET / HTTP/1.1" 200 -
::1 - - [12/Jun/2025 23:21:58] "GET / HTTP/1.1" 200 -
::1 - - [12/Jun/2025 23:22:03] "GET / HTTP/1.1" 200 -
::1 - - [12/Jun/2025 23:22:08] "GET / HTTP/1.1" 200 -
::1 - - [12/Jun/2025 23:22:13] "GET / HTTP/1.1" 200 -
::1 - - [12/Jun/2025 23:22:18] "GET / HTTP/1.1" 200 -
::1 - - [12/Jun/2025 23:22:23] "GET / HTTP/1.1" 200 -
::1 - - [12/Jun/2025 23:22:28] "GET / HTTP/1.1" 200 -
::1 - - [12/Jun/2025 23:22:32] "GET / HTTP/1.1" 200 -
::1 - - [12/Jun/2025 23:22:32] "GET /pkg/layer9_example_counter.js HTTP/1.1" 200 -
::1 - - [12/Jun/2025 23:22:32] "GET /pkg/layer9_example_counter_bg.wasm HTTP/1.1" 200 -
::1 - - [12/Jun/2025 23:22:32] "GET /favicon.ico HTTP/1.1" 200 -
::1 - - [12/Jun/2025 23:22:33] "GET / HTTP/1.1" 200 -
::1 - - [12/Jun/2025 23:22:38] "GET / HTTP/1.1" 200 -
::1 - - [12/Jun/2025 23:22:43] "GET / HTTP/1.1" 200 -
::1 - - [12/Jun/2025 23:22:48] "GET / HTTP/1.1" 200 -
::1 - - [12/Jun/2025 23:22:53] "GET / HTTP/1.1" 200 -
::1 - - [12/Jun/2025 23:22:58] "GET / HTTP/1.1" 200 -
::1 - - [12/Jun/2025 23:23:03] "GET / HTTP/1.1" 200 -
::1 - - [12/Jun/2025 23:23:08] "GET / HTTP/1.1" 200 -
::1 - - [12/Jun/2025 23:23:13] "GET / HTTP/1.1" 200 -
::1 - - [12/Jun/2025 23:23:13] "GET / HTTP/1.1" 200 -
::1 - - [12/Jun/2025 23:23:13] "GET /pkg/layer9_example_counter.js HTTP/1.1" 200 -
::1 - - [12/Jun/2025 23:23:13] "GET /pkg/layer9_example_counter_bg.wasm HTTP/1.1" 200 -
::1 - - [12/Jun/2025 23:23:13] "GET /favicon.ico HTTP/1.1" 200 -
::1 - - [12/Jun/2025 23:23:18] "GET / HTTP/1.1" 200 -
::1 - - [12/Jun/2025 23:23:23] "GET / HTTP/1.1" 200 -
::1 - - [12/Jun/2025 23:23:28] "GET / HTTP/1.1" 200 -
::1 - - [12/Jun/2025 23:23:32] "GET / HTTP/1.1" 200 -
::1 - - [12/Jun/2025 23:23:32] "GET /pkg/layer9_example_counter.js HTTP/1.1" 200 -
::1 - - [12/Jun/2025 23:23:32] "GET /pkg/layer9_example_counter_bg.wasm HTTP/1.1" 200 -
::1 - - [12/Jun/2025 23:23:32] "GET /favicon.ico HTTP/1.1" 200 -
::1 - - [12/Jun/2025 23:23:33] "GET / HTTP/1.1" 200 -
::1 - - [12/Jun/2025 23:23:38] "GET / HTTP/1.1" 200 -
::1 - - [12/Jun/2025 23:23:43] "GET / HTTP/1.1" 200 -
::1 - - [12/Jun/2025 23:23:48] "GET / HTTP/1.1" 200 -
::1 - - [12/Jun/2025 23:23:53] "GET / HTTP/1.1" 200 -
::1 - - [12/Jun/2025 23:23:58] "GET / HTTP/1.1" 200 -
::1 - - [12/Jun/2025 23:24:03] "GET / HTTP/1.1" 200 -
::1 - - [12/Jun/2025 23:24:08] "GET / HTTP/1.1" 200 -
::1 - - [12/Jun/2025 23:24:13] "GET / HTTP/1.1" 200 -
::1 - - [12/Jun/2025 23:24:18] "GET / HTTP/1.1" 200 -
::1 - - [12/Jun/2025 23:24:23] "GET / HTTP/1.1" 200 -
::1 - - [12/Jun/2025 23:24:28] "GET / HTTP/1.1" 200 -
::1 - - [12/Jun/2025 23:24:29] "GET / HTTP/1.1" 200 -
::1 - - [12/Jun/2025 23:24:29] "GET /pkg/layer9_example_counter.js HTTP/1.1" 200 -
::1 - - [12/Jun/2025 23:24:29] "GET /pkg/layer9_example_counter_bg.wasm HTTP/1.1" 200 -
::1 - - [12/Jun/2025 23:24:29] "GET /favicon.ico HTTP/1.1" 200 -
::1 - - [12/Jun/2025 23:24:33] "GET / HTTP/1.1" 200 -
::1 - - [12/Jun/2025 23:24:38] "GET / HTTP/1.1" 200 -
::1 - - [12/Jun/2025 23:24:43] "GET / HTTP/1.1" 200 -
::1 - - [12/Jun/2025 23:24:48] "GET / HTTP/1.1" 200 -
::1 - - [12/Jun/2025 23:24:49] "GET / HTTP/1.1" 200 -
::1 - - [12/Jun/2025 23:24:49] "GET /pkg/layer9_example_counter.js HTTP/1.1" 200 -
::1 - - [12/Jun/2025 23:24:49] "GET /pkg/layer9_example_counter_bg.wasm HTTP/1.1" 200 -
::1 - - [12/Jun/2025 23:24:49] "GET /favicon.ico HTTP/1.1" 200 -
::1 - - [12/Jun/2025 23:24:53] "GET / HTTP/1.1" 200 -
::1 - - [12/Jun/2025 23:24:58] "GET / HTTP/1.1" 200 -
::1 - - [12/Jun/2025 23:25:03] "GET / HTTP/1.1" 200 -
::1 - - [12/Jun/2025 23:25:08] "GET / HTTP/1.1" 200 -
::1 - - [12/Jun/2025 23:25:13] "GET / HTTP/1.1" 200 -
::1 - - [12/Jun/2025 23:25:18] "GET / HTTP/1.1" 200 -
::1 - - [12/Jun/2025 23:25:18] "GET / HTTP/1.1" 200 -
::1 - - [12/Jun/2025 23:25:18] "GET /pkg/layer9_example_counter.js HTTP/1.1" 200 -
::1 - - [12/Jun/2025 23:25:18] "GET /pkg/layer9_example_counter_bg.wasm HTTP/1.1" 200 -
::1 - - [12/Jun/2025 23:25:18] "GET /favicon.ico HTTP/1.1" 200 -
::1 - - [12/Jun/2025 23:25:23] "GET / HTTP/1.1" 200 -
::1 - - [12/Jun/2025 23:25:28] "GET / HTTP/1.1" 200 -
::1 - - [12/Jun/2025 23:25:33] "GET / HTTP/1.1" 200 -
::1 - - [12/Jun/2025 23:25:38] "GET / HTTP/1.1" 200 -
::1 - - [12/Jun/2025 23:25:43] "GET / HTTP/1.1" 200 -
::1 - - [12/Jun/2025 23:25:48] "GET / HTTP/1.1" 200 -
::1 - - [12/Jun/2025 23:25:53] "GET / HTTP/1.1" 200 -
::1 - - [12/Jun/2025 23:25:58] "GET / HTTP/1.1" 200 -
::1 - - [12/Jun/2025 23:26:03] "GET / HTTP/1.1" 200 -
::1 - - [12/Jun/2025 23:26:08] "GET / HTTP/1.1" 200 -
::1 - - [12/Jun/2025 23:26:13] "GET / HTTP/1.1" 200 -
::1 - - [12/Jun/2025 23:26:18] "GET / HTTP/1.1" 200 -
::1 - - [12/Jun/2025 23:26:23] "GET / HTTP/1.1" 200 -
::1 - - [12/Jun/2025 23:26:28] "GET / HTTP/1.1" 200 -
::1 - - [12/Jun/2025 23:26:33] "GET / HTTP/1.1" 200 -
::1 - - [12/Jun/2025 23:26:38] "GET / HTTP/1.1" 200 -
::1 - - [12/Jun/2025 23:26:43] "GET / HTTP/1.1" 200 -
::1 - - [12/Jun/2025 23:26:48] "GET / HTTP/1.1" 200 -
::1 - - [12/Jun/2025 23:26:53] "GET / HTTP/1.1" 200 -
::1 - - [12/Jun/2025 23:26:58] "GET / HTTP/1.1" 200 -
::1 - - [12/Jun/2025 23:27:03] "GET / HTTP/1.1" 200 -
::1 - - [12/Jun/2025 23:27:08] "GET / HTTP/1.1" 200 -
::1 - - [12/Jun/2025 23:27:13] "GET / HTTP/1.1" 200 -
::1 - - [12/Jun/2025 23:27:18] "GET / HTTP/1.1" 200 -
::1 - - [12/Jun/2025 23:27:23] "GET / HTTP/1.1" 200 -
::1 - - [12/Jun/2025 23:27:28] "GET / HTTP/1.1" 200 -
::1 - - [12/Jun/2025 23:27:33] "GET / HTTP/1.1" 200 -
::1 - - [12/Jun/2025 23:27:38] "GET / HTTP/1.1" 200 -
::1 - - [12/Jun/2025 23:27:43] "GET / HTTP/1.1" 200 -
::1 - - [12/Jun/2025 23:27:48] "GET / HTTP/1.1" 200 -
::1 - - [12/Jun/2025 23:27:53] "GET / HTTP/1.1" 200 -
::1 - - [12/Jun/2025 23:27:58] "GET / HTTP/1.1" 200 -
::1 - - [12/Jun/2025 23:28:03] "GET / HTTP/1.1" 200 -
::1 - - [12/Jun/2025 23:28:08] "GET / HTTP/1.1" 200 -
::1 - - [12/Jun/2025 23:28:13] "GET / HTTP/1.1" 200 -
::1 - - [12/Jun/2025 23:28:18] "GET / HTTP/1.1" 200 -
::1 - - [12/Jun/2025 23:28:23] "GET / HTTP/1.1" 200 -
::1 - - [12/Jun/2025 23:28:28] "GET / HTTP/1.1" 200 -
::1 - - [12/Jun/2025 23:28:33] "GET / HTTP/1.1" 200 -
::1 - - [12/Jun/2025 23:28:38] "GET / HTTP/1.1" 200 -
::1 - - [12/Jun/2025 23:28:43] "GET / HTTP/1.1" 200 -
::1 - - [12/Jun/2025 23:28:48] "GET / HTTP/1.1" 200 -
::1 - - [12/Jun/2025 23:28:53] "GET / HTTP/1.1" 200 -
::1 - - [12/Jun/2025 23:28:58] "GET / HTTP/1.1" 200 -
::1 - - [12/Jun/2025 23:29:03] "GET / HTTP/1.1" 200 -
::1 - - [12/Jun/2025 23:29:08] "GET / HTTP/1.1" 200 -
::1 - - [12/Jun/2025 23:29:13] "GET / HTTP/1.1" 200 -
::1 - - [12/Jun/2025 23:29:18] "GET / HTTP/1.1" 200 -
::1 - - [12/Jun/2025 23:29:23] "GET / HTTP/1.1" 200 -
::1 - - [12/Jun/2025 23:29:28] "GET / HTTP/1.1" 200 -
::1 - - [12/Jun/2025 23:29:33] "GET / HTTP/1.1" 200 -
::1 - - [12/Jun/2025 23:29:38] "GET / HTTP/1.1" 200 -
::1 - - [12/Jun/2025 23:29:43] "GET / HTTP/1.1" 200 -
::1 - - [12/Jun/2025 23:29:48] "GET / HTTP/1.1" 200 -
::1 - - [12/Jun/2025 23:29:53] "GET / HTTP/1.1" 200 -
::1 - - [12/Jun/2025 23:29:58] "GET / HTTP/1.1" 200 -
::1 - - [12/Jun/2025 23:30:03] "GET / HTTP/1.1" 200 -
::1 - - [12/Jun/2025 23:30:08] "GET / HTTP/1.1" 200 -
::1 - - [12/Jun/2025 23:30:13] "GET / HTTP/1.1" 200 -
::1 - - [12/Jun/2025 23:30:18] "GET / HTTP/1.1" 200 -
::1 - - [12/Jun/2025 23:30:23] "GET / HTTP/1.1" 200 -
::1 - - [12/Jun/2025 23:30:28] "GET / HTTP/1.1" 200 -
::1 - - [12/Jun/2025 23:30:33] "GET / HTTP/1.1" 200 -
::1 - - [12/Jun/2025 23:30:38] "GET / HTTP/1.1" 200 -
::1 - - [12/Jun/2025 23:30:43] "GET / HTTP/1.1" 200 -
::1 - - [12/Jun/2025 23:30:48] "GET / HTTP/1.1" 200 -
::1 - - [12/Jun/2025 23:30:53] "GET / HTTP/1.1" 200 -
::1 - - [12/Jun/2025 23:30:58] "GET / HTTP/1.1" 200 -
::1 - - [12/Jun/2025 23:31:03] "GET / HTTP/1.1" 200 -
::1 - - [12/Jun/2025 23:31:08] "GET / HTTP/1.1" 200 -
::1 - - [12/Jun/2025 23:31:13] "GET / HTTP/1.1" 200 -
::1 - - [12/Jun/2025 23:31:18] "GET / HTTP/1.1" 200 -
::1 - - [12/Jun/2025 23:31:23] "GET / HTTP/1.1" 200 -
::1 - - [12/Jun/2025 23:31:28] "GET / HTTP/1.1" 200 -
::1 - - [12/Jun/2025 23:31:33] "GET / HTTP/1.1" 200 -
::1 - - [12/Jun/2025 23:31:38] "GET / HTTP/1.1" 200 -
::1 - - [12/Jun/2025 23:31:43] "GET / HTTP/1.1" 200 -
::1 - - [12/Jun/2025 23:31:48] "GET / HTTP/1.1" 200 -
::1 - - [12/Jun/2025 23:31:53] "GET / HTTP/1.1" 200 -
::1 - - [12/Jun/2025 23:31:58] "GET / HTTP/1.1" 200 -
::1 - - [12/Jun/2025 23:32:03] "GET / HTTP/1.1" 200 -
::1 - - [12/Jun/2025 23:32:08] "GET / HTTP/1.1" 200 -
::1 - - [12/Jun/2025 23:32:13] "GET / HTTP/1.1" 200 -
::1 - - [12/Jun/2025 23:32:18] "GET / HTTP/1.1" 200 -
::1 - - [12/Jun/2025 23:32:23] "GET / HTTP/1.1" 200 -
::1 - - [12/Jun/2025 23:32:28] "GET / HTTP/1.1" 200 -
::1 - - [12/Jun/2025 23:32:33] "GET / HTTP/1.1" 200 -
::1 - - [12/Jun/2025 23:32:38] "GET / HTTP/1.1" 200 -
::1 - - [12/Jun/2025 23:32:43] "GET / HTTP/1.1" 200 -
::1 - - [12/Jun/2025 23:32:48] "GET / HTTP/1.1" 200 -
::1 - - [12/Jun/2025 23:32:53] "GET / HTTP/1.1" 200 -
::1 - - [12/Jun/2025 23:32:58] "GET / HTTP/1.1" 200 -
::1 - - [12/Jun/2025 23:33:03] "GET / HTTP/1.1" 200 -
::1 - - [12/Jun/2025 23:33:08] "GET / HTTP/1.1" 200 -
::1 - - [12/Jun/2025 23:33:13] "GET / HTTP/1.1" 200 -
::1 - - [12/Jun/2025 23:33:18] "GET / HTTP/1.1" 200 -
::1 - - [12/Jun/2025 23:33:23] "GET / HTTP/1.1" 200 -
::1 - - [12/Jun/2025 23:33:28] "GET / HTTP/1.1" 200 -
::1 - - [12/Jun/2025 23:33:33] "GET / HTTP/1.1" 200 -
::1 - - [12/Jun/2025 23:33:38] "GET / HTTP/1.1" 200 -
::1 - - [12/Jun/2025 23:33:43] "GET / HTTP/1.1" 200 -
::1 - - [12/Jun/2025 23:33:48] "GET / HTTP/1.1" 200 -
::1 - - [12/Jun/2025 23:33:53] "GET / HTTP/1.1" 200 -
::1 - - [12/Jun/2025 23:33:58] "GET / HTTP/1.1" 200 -
::1 - - [12/Jun/2025 23:34:03] "GET / HTTP/1.1" 200 -
::1 - - [12/Jun/2025 23:34:08] "GET / HTTP/1.1" 200 -
::1 - - [12/Jun/2025 23:34:13] "GET / HTTP/1.1" 200 -
::1 - - [12/Jun/2025 23:34:18] "GET / HTTP/1.1" 200 -
::1 - - [12/Jun/2025 23:34:23] "GET / HTTP/1.1" 200 -
::1 - - [12/Jun/2025 23:34:28] "GET / HTTP/1.1" 200 -
::1 - - [12/Jun/2025 23:34:33] "GET / HTTP/1.1" 200 -
::1 - - [12/Jun/2025 23:34:38] "GET / HTTP/1.1" 200 -
::1 - - [12/Jun/2025 23:34:43] "GET / HTTP/1.1" 200 -
::1 - - [12/Jun/2025 23:34:48] "GET / HTTP/1.1" 200 -
::1 - - [12/Jun/2025 23:34:53] "GET / HTTP/1.1" 200 -
::1 - - [12/Jun/2025 23:34:58] "GET / HTTP/1.1" 200 -
::1 - - [12/Jun/2025 23:35:03] "GET / HTTP/1.1" 200 -
::1 - - [12/Jun/2025 23:35:08] "GET / HTTP/1.1" 200 -
::1 - - [12/Jun/2025 23:35:13] "GET / HTTP/1.1" 200 -
::1 - - [12/Jun/2025 23:35:18] "GET / HTTP/1.1" 200 -
::1 - - [12/Jun/2025 23:35:23] "GET / HTTP/1.1" 200 -
::1 - - [12/Jun/2025 23:35:28] "GET / HTTP/1.1" 200 -
::1 - - [12/Jun/2025 23:35:33] "GET / HTTP/1.1" 200 -
::1 - - [12/Jun/2025 23:35:38] "GET / HTTP/1.1" 200 -
::1 - - [12/Jun/2025 23:35:43] "GET / HTTP/1.1" 200 -
::1 - - [12/Jun/2025 23:35:48] "GET / HTTP/1.1" 200 -
::1 - - [12/Jun/2025 23:35:53] "GET / HTTP/1.1" 200 -
::1 - - [12/Jun/2025 23:35:58] "GET / HTTP/1.1" 200 -
::1 - - [12/Jun/2025 23:36:03] "GET / HTTP/1.1" 200 -
::1 - - [12/Jun/2025 23:36:08] "GET / HTTP/1.1" 200 -
::1 - - [12/Jun/2025 23:36:13] "GET / HTTP/1.1" 200 -
::1 - - [12/Jun/2025 23:36:18] "GET / HTTP/1.1" 200 -
::1 - - [12/Jun/2025 23:36:23] "GET / HTTP/1.1" 200 -
::1 - - [12/Jun/2025 23:36:28] "GET / HTTP/1.1" 200 -
::1 - - [12/Jun/2025 23:36:33] "GET / HTTP/1.1" 200 -
::1 - - [12/Jun/2025 23:36:38] "GET / HTTP/1.1" 200 -
::1 - - [12/Jun/2025 23:36:43] "GET / HTTP/1.1" 200 -
::1 - - [12/Jun/2025 23:36:48] "GET / HTTP/1.1" 200 -
::1 - - [12/Jun/2025 23:36:53] "GET / HTTP/1.1" 200 -
::1 - - [12/Jun/2025 23:36:58] "GET / HTTP/1.1" 200 -
::1 - - [12/Jun/2025 23:37:03] "GET / HTTP/1.1" 200 -
::1 - - [12/Jun/2025 23:37:08] "GET / HTTP/1.1" 200 -
::1 - - [12/Jun/2025 23:37:13] "GET / HTTP/1.1" 200 -
::1 - - [12/Jun/2025 23:37:18] "GET / HTTP/1.1" 200 -
::1 - - [12/Jun/2025 23:37:23] "GET / HTTP/1.1" 200 -
::1 - - [12/Jun/2025 23:37:28] "GET / HTTP/1.1" 200 -
::1 - - [12/Jun/2025 23:37:33] "GET / HTTP/1.1" 200 -
::1 - - [12/Jun/2025 23:37:38] "GET / HTTP/1.1" 200 -
::1 - - [12/Jun/2025 23:37:43] "GET / HTTP/1.1" 200 -
::1 - - [12/Jun/2025 23:37:48] "GET / HTTP/1.1" 200 -
::1 - - [12/Jun/2025 23:37:53] "GET / HTTP/1.1" 200 -
::1 - - [12/Jun/2025 23:37:58] "GET / HTTP/1.1" 200 -
::1 - - [12/Jun/2025 23:38:03] "GET / HTTP/1.1" 200 -
::1 - - [12/Jun/2025 23:38:08] "GET / HTTP/1.1" 200 -
::1 - - [12/Jun/2025 23:38:13] "GET / HTTP/1.1" 200 -
::1 - - [12/Jun/2025 23:38:18] "GET / HTTP/1.1" 200 -
::1 - - [12/Jun/2025 23:38:23] "GET / HTTP/1.1" 200 -
::1 - - [12/Jun/2025 23:38:28] "GET / HTTP/1.1" 200 -
::1 - - [12/Jun/2025 23:38:33] "GET / HTTP/1.1" 200 -
::1 - - [12/Jun/2025 23:38:38] "GET / HTTP/1.1" 200 -
::1 - - [12/Jun/2025 23:38:43] "GET / HTTP/1.1" 200 -
::1 - - [12/Jun/2025 23:38:48] "GET / HTTP/1.1" 200 -
::1 - - [12/Jun/2025 23:38:53] "GET / HTTP/1.1" 200 -
::1 - - [12/Jun/2025 23:38:58] "GET / HTTP/1.1" 200 -
::1 - - [12/Jun/2025 23:39:03] "GET / HTTP/1.1" 200 -
::1 - - [12/Jun/2025 23:39:08] "GET / HTTP/1.1" 200 -
::1 - - [12/Jun/2025 23:39:13] "GET / HTTP/1.1" 200 -
::1 - - [12/Jun/2025 23:39:18] "GET / HTTP/1.1" 200 -
::1 - - [12/Jun/2025 23:39:23] "GET / HTTP/1.1" 200 -
::1 - - [12/Jun/2025 23:39:28] "GET / HTTP/1.1" 200 -
::1 - - [12/Jun/2025 23:39:33] "GET / HTTP/1.1" 200 -
::1 - - [12/Jun/2025 23:39:38] "GET / HTTP/1.1" 200 -
::1 - - [12/Jun/2025 23:39:43] "GET / HTTP/1.1" 200 -
::1 - - [12/Jun/2025 23:39:48] "GET / HTTP/1.1" 200 -
::1 - - [12/Jun/2025 23:39:53] "GET / HTTP/1.1" 200 -
::1 - - [12/Jun/2025 23:39:58] "GET / HTTP/1.1" 200 -
::1 - - [12/Jun/2025 23:40:03] "GET / HTTP/1.1" 200 -
::1 - - [12/Jun/2025 23:40:08] "GET / HTTP/1.1" 200 -
::1 - - [12/Jun/2025 23:40:13] "GET / HTTP/1.1" 200 -
::1 - - [12/Jun/2025 23:40:18] "GET / HTTP/1.1" 200 -
::1 - - [12/Jun/2025 23:40:23] "GET / HTTP/1.1" 200 -
::1 - - [12/Jun/2025 23:40:28] "GET / HTTP/1.1" 200 -
::1 - - [12/Jun/2025 23:40:33] "GET / HTTP/1.1" 200 -
::1 - - [12/Jun/2025 23:40:38] "GET / HTTP/1.1" 200 -
::1 - - [12/Jun/2025 23:40:43] "GET / HTTP/1.1" 200 -
::1 - - [12/Jun/2025 23:40:48] "GET / HTTP/1.1" 200 -
::1 - - [12/Jun/2025 23:40:53] "GET / HTTP/1.1" 200 -
::1 - - [12/Jun/2025 23:40:58] "GET / HTTP/1.1" 200 -
::1 - - [12/Jun/2025 23:41:03] "GET / HTTP/1.1" 200 -
::1 - - [12/Jun/2025 23:41:08] "GET / HTTP/1.1" 200 -
::1 - - [12/Jun/2025 23:41:13] "GET / HTTP/1.1" 200 -
::1 - - [12/Jun/2025 23:41:18] "GET / HTTP/1.1" 200 -
::1 - - [12/Jun/2025 23:41:23] "GET / HTTP/1.1" 200 -
::1 - - [12/Jun/2025 23:41:28] "GET / HTTP/1.1" 200 -
::1 - - [12/Jun/2025 23:41:33] "GET / HTTP/1.1" 200 -
::1 - - [12/Jun/2025 23:41:38] "GET / HTTP/1.1" 200 -
::1 - - [12/Jun/2025 23:41:43] "GET / HTTP/1.1" 200 -
::1 - - [12/Jun/2025 23:41:48] "GET / HTTP/1.1" 200 -
::1 - - [12/Jun/2025 23:41:53] "GET / HTTP/1.1" 200 -
::1 - - [12/Jun/2025 23:41:58] "GET / HTTP/1.1" 200 -
::1 - - [12/Jun/2025 23:42:03] "GET / HTTP/1.1" 200 -
::1 - - [12/Jun/2025 23:42:08] "GET / HTTP/1.1" 200 -
::1 - - [12/Jun/2025 23:42:13] "GET / HTTP/1.1" 200 -
::1 - - [12/Jun/2025 23:42:18] "GET / HTTP/1.1" 200 -
::1 - - [12/Jun/2025 23:42:23] "GET / HTTP/1.1" 200 -
::1 - - [12/Jun/2025 23:42:28] "GET / HTTP/1.1" 200 -
::1 - - [12/Jun/2025 23:42:33] "GET / HTTP/1.1" 200 -
::1 - - [12/Jun/2025 23:42:38] "GET / HTTP/1.1" 200 -
::1 - - [12/Jun/2025 23:42:43] "GET / HTTP/1.1" 200 -
::1 - - [12/Jun/2025 23:42:48] "GET / HTTP/1.1" 200 -
::1 - - [12/Jun/2025 23:42:53] "GET / HTTP/1.1" 200 -
::1 - - [12/Jun/2025 23:42:58] "GET / HTTP/1.1" 200 -
::1 - - [12/Jun/2025 23:43:03] "GET / HTTP/1.1" 200 -
::1 - - [12/Jun/2025 23:43:08] "GET / HTTP/1.1" 200 -
::1 - - [12/Jun/2025 23:43:13] "GET / HTTP/1.1" 200 -
::1 - - [12/Jun/2025 23:43:18] "GET / HTTP/1.1" 200 -
::1 - - [12/Jun/2025 23:43:23] "GET / HTTP/1.1" 200 -
::1 - - [12/Jun/2025 23:43:28] "GET / HTTP/1.1" 200 -
::1 - - [12/Jun/2025 23:43:33] "GET / HTTP/1.1" 200 -
::1 - - [12/Jun/2025 23:43:38] "GET / HTTP/1.1" 200 -
::1 - - [12/Jun/2025 23:43:43] "GET / HTTP/1.1" 200 -
::1 - - [12/Jun/2025 23:43:48] "GET / HTTP/1.1" 200 -
::1 - - [12/Jun/2025 23:43:53] "GET / HTTP/1.1" 200 -
::1 - - [12/Jun/2025 23:43:58] "GET / HTTP/1.1" 200 -
::1 - - [12/Jun/2025 23:44:03] "GET / HTTP/1.1" 200 -
::1 - - [12/Jun/2025 23:44:08] "GET / HTTP/1.1" 200 -
::1 - - [12/Jun/2025 23:44:13] "GET / HTTP/1.1" 200 -
::1 - - [12/Jun/2025 23:44:18] "GET / HTTP/1.1" 200 -
::1 - - [12/Jun/2025 23:44:23] "GET / HTTP/1.1" 200 -
::1 - - [12/Jun/2025 23:44:28] "GET / HTTP/1.1" 200 -
::1 - - [12/Jun/2025 23:44:33] "GET / HTTP/1.1" 200 -
::1 - - [12/Jun/2025 23:44:38] "GET / HTTP/1.1" 200 -
::1 - - [12/Jun/2025 23:44:43] "GET / HTTP/1.1" 200 -
::1 - - [12/Jun/2025 23:44:48] "GET / HTTP/1.1" 200 -
::1 - - [12/Jun/2025 23:44:53] "GET / HTTP/1.1" 200 -
::1 - - [12/Jun/2025 23:44:58] "GET / HTTP/1.1" 200 -
::1 - - [12/Jun/2025 23:45:03] "GET / HTTP/1.1" 200 -
::1 - - [12/Jun/2025 23:45:08] "GET / HTTP/1.1" 200 -
::1 - - [12/Jun/2025 23:45:13] "GET / HTTP/1.1" 200 -
::1 - - [12/Jun/2025 23:45:18] "GET / HTTP/1.1" 200 -
::1 - - [12/Jun/2025 23:45:23] "GET / HTTP/1.1" 200 -
::1 - - [12/Jun/2025 23:45:28] "GET / HTTP/1.1" 200 -
::1 - - [12/Jun/2025 23:45:33] "GET / HTTP/1.1" 200 -
::1 - - [12/Jun/2025 23:45:38] "GET / HTTP/1.1" 200 -
::1 - - [12/Jun/2025 23:45:43] "GET / HTTP/1.1" 200 -
::1 - - [12/Jun/2025 23:45:48] "GET / HTTP/1.1" 200 -
::1 - - [12/Jun/2025 23:45:53] "GET / HTTP/1.1" 200 -
::1 - - [12/Jun/2025 23:45:58] "GET / HTTP/1.1" 200 -
::1 - - [12/Jun/2025 23:46:03] "GET / HTTP/1.1" 200 -
::1 - - [12/Jun/2025 23:46:08] "GET / HTTP/1.1" 200 -
::1 - - [12/Jun/2025 23:46:13] "GET / HTTP/1.1" 200 -
::1 - - [12/Jun/2025 23:46:18] "GET / HTTP/1.1" 200 -
::1 - - [12/Jun/2025 23:46:23] "GET / HTTP/1.1" 200 -
::1 - - [12/Jun/2025 23:46:28] "GET / HTTP/1.1" 200 -
::1 - - [12/Jun/2025 23:46:33] "GET / HTTP/1.1" 200 -
::1 - - [12/Jun/2025 23:46:38] "GET / HTTP/1.1" 200 -
::1 - - [12/Jun/2025 23:46:43] "GET / HTTP/1.1" 200 -
::1 - - [12/Jun/2025 23:46:48] "GET / HTTP/1.1" 200 -
::1 - - [12/Jun/2025 23:46:53] "GET / HTTP/1.1" 200 -
::1 - - [12/Jun/2025 23:46:58] "GET / HTTP/1.1" 200 -
::1 - - [12/Jun/2025 23:47:03] "GET / HTTP/1.1" 200 -
::1 - - [12/Jun/2025 23:47:08] "GET / HTTP/1.1" 200 -
::1 - - [12/Jun/2025 23:47:13] "GET / HTTP/1.1" 200 -
::1 - - [12/Jun/2025 23:47:18] "GET / HTTP/1.1" 200 -
::1 - - [12/Jun/2025 23:47:23] "GET / HTTP/1.1" 200 -
::1 - - [12/Jun/2025 23:47:28] "GET / HTTP/1.1" 200 -
::1 - - [12/Jun/2025 23:47:33] "GET / HTTP/1.1" 200 -
::1 - - [12/Jun/2025 23:47:38] "GET / HTTP/1.1" 200 -
::1 - - [12/Jun/2025 23:47:43] "GET / HTTP/1.1" 200 -
::1 - - [12/Jun/2025 23:47:48] "GET / HTTP/1.1" 200 -
::1 - - [12/Jun/2025 23:47:53] "GET / HTTP/1.1" 200 -
::1 - - [12/Jun/2025 23:47:58] "GET / HTTP/1.1" 200 -
::1 - - [12/Jun/2025 23:48:03] "GET / HTTP/1.1" 200 -
::1 - - [12/Jun/2025 23:48:08] "GET / HTTP/1.1" 200 -
::1 - - [12/Jun/2025 23:48:13] "GET / HTTP/1.1" 200 -
::1 - - [12/Jun/2025 23:48:18] "GET / HTTP/1.1" 200 -
::1 - - [12/Jun/2025 23:48:23] "GET / HTTP/1.1" 200 -
::1 - - [12/Jun/2025 23:48:28] "GET / HTTP/1.1" 200 -
::1 - - [12/Jun/2025 23:48:33] "GET / HTTP/1.1" 200 -
::1 - - [12/Jun/2025 23:48:38] "GET / HTTP/1.1" 200 -
::1 - - [12/Jun/2025 23:48:43] "GET / HTTP/1.1" 200 -
::1 - - [12/Jun/2025 23:48:48] "GET / HTTP/1.1" 200 -
::1 - - [12/Jun/2025 23:48:53] "GET / HTTP/1.1" 200 -
::1 - - [12/Jun/2025 23:48:58] "GET / HTTP/1.1" 200 -
::1 - - [12/Jun/2025 23:49:03] "GET / HTTP/1.1" 200 -
::1 - - [12/Jun/2025 23:49:08] "GET / HTTP/1.1" 200 -
::1 - - [12/Jun/2025 23:49:13] "GET / HTTP/1.1" 200 -
::1 - - [12/Jun/2025 23:49:18] "GET / HTTP/1.1" 200 -
::1 - - [12/Jun/2025 23:49:23] "GET / HTTP/1.1" 200 -
::1 - - [12/Jun/2025 23:49:28] "GET / HTTP/1.1" 200 -
::1 - - [12/Jun/2025 23:49:33] "GET / HTTP/1.1" 200 -
::1 - - [12/Jun/2025 23:49:38] "GET / HTTP/1.1" 200 -
::1 - - [12/Jun/2025 23:49:43] "GET / HTTP/1.1" 200 -
::1 - - [12/Jun/2025 23:49:48] "GET / HTTP/1.1" 200 -
::1 - - [12/Jun/2025 23:49:53] "GET / HTTP/1.1" 200 -
::1 - - [12/Jun/2025 23:49:58] "GET / HTTP/1.1" 200 -
::1 - - [12/Jun/2025 23:50:03] "GET / HTTP/1.1" 200 -
::1 - - [12/Jun/2025 23:50:08] "GET / HTTP/1.1" 200 -
::1 - - [12/Jun/2025 23:50:13] "GET / HTTP/1.1" 200 -
::1 - - [12/Jun/2025 23:50:18] "GET / HTTP/1.1" 200 -
::1 - - [12/Jun/2025 23:50:23] "GET / HTTP/1.1" 200 -
::1 - - [12/Jun/2025 23:50:28] "GET / HTTP/1.1" 200 -
::1 - - [12/Jun/2025 23:50:33] "GET / HTTP/1.1" 200 -
::1 - - [12/Jun/2025 23:50:38] "GET / HTTP/1.1" 200 -
::1 - - [12/Jun/2025 23:50:43] "GET / HTTP/1.1" 200 -
::1 - - [12/Jun/2025 23:50:48] "GET / HTTP/1.1" 200 -
::1 - - [12/Jun/2025 23:50:53] "GET / HTTP/1.1" 200 -
::1 - - [12/Jun/2025 23:50:58] "GET / HTTP/1.1" 200 -
::1 - - [12/Jun/2025 23:51:03] "GET / HTTP/1.1" 200 -
::1 - - [12/Jun/2025 23:51:08] "GET / HTTP/1.1" 200 -
::1 - - [12/Jun/2025 23:51:13] "GET / HTTP/1.1" 200 -
::1 - - [12/Jun/2025 23:51:18] "GET / HTTP/1.1" 200 -
::1 - - [12/Jun/2025 23:51:23] "GET / HTTP/1.1" 200 -
::1 - - [12/Jun/2025 23:51:28] "GET / HTTP/1.1" 200 -
::1 - - [12/Jun/2025 23:51:33] "GET / HTTP/1.1" 200 -
::1 - - [12/Jun/2025 23:51:38] "GET / HTTP/1.1" 200 -
::1 - - [12/Jun/2025 23:51:43] "GET / HTTP/1.1" 200 -
::1 - - [12/Jun/2025 23:51:48] "GET / HTTP/1.1" 200 -
::1 - - [12/Jun/2025 23:51:53] "GET / HTTP/1.1" 200 -
::1 - - [12/Jun/2025 23:51:58] "GET / HTTP/1.1" 200 -
::1 - - [12/Jun/2025 23:52:03] "GET / HTTP/1.1" 200 -
::1 - - [12/Jun/2025 23:52:08] "GET / HTTP/1.1" 200 -
::1 - - [12/Jun/2025 23:52:13] "GET / HTTP/1.1" 200 -
::1 - - [12/Jun/2025 23:52:18] "GET / HTTP/1.1" 200 -
::1 - - [12/Jun/2025 23:52:23] "GET / HTTP/1.1" 200 -
::1 - - [12/Jun/2025 23:52:28] "GET / HTTP/1.1" 200 -
::1 - - [12/Jun/2025 23:52:33] "GET / HTTP/1.1" 200 -
::1 - - [12/Jun/2025 23:52:38] "GET / HTTP/1.1" 200 -
::1 - - [12/Jun/2025 23:52:43] "GET / HTTP/1.1" 200 -
::1 - - [12/Jun/2025 23:52:48] "GET / HTTP/1.1" 200 -
::1 - - [12/Jun/2025 23:52:53] "GET / HTTP/1.1" 200 -
::1 - - [12/Jun/2025 23:52:58] "GET / HTTP/1.1" 200 -
::1 - - [12/Jun/2025 23:53:03] "GET / HTTP/1.1" 200 -
::1 - - [12/Jun/2025 23:53:08] "GET / HTTP/1.1" 200 -
::1 - - [12/Jun/2025 23:53:13] "GET / HTTP/1.1" 200 -
::1 - - [12/Jun/2025 23:53:19] "GET / HTTP/1.1" 200 -
::1 - - [12/Jun/2025 23:53:24] "GET / HTTP/1.1" 200 -
::1 - - [12/Jun/2025 23:53:29] "GET / HTTP/1.1" 200 -
::1 - - [12/Jun/2025 23:53:34] "GET / HTTP/1.1" 200 -
::1 - - [12/Jun/2025 23:53:39] "GET / HTTP/1.1" 200 -
::1 - - [12/Jun/2025 23:53:44] "GET / HTTP/1.1" 200 -
::1 - - [12/Jun/2025 23:53:49] "GET / HTTP/1.1" 200 -
::1 - - [12/Jun/2025 23:53:54] "GET / HTTP/1.1" 200 -
::1 - - [12/Jun/2025 23:53:59] "GET / HTTP/1.1" 200 -
::1 - - [12/Jun/2025 23:54:04] "GET / HTTP/1.1" 200 -
::1 - - [12/Jun/2025 23:54:09] "GET / HTTP/1.1" 200 -
::1 - - [12/Jun/2025 23:54:14] "GET / HTTP/1.1" 200 -
::1 - - [12/Jun/2025 23:54:19] "GET / HTTP/1.1" 200 -
::1 - - [12/Jun/2025 23:54:24] "GET / HTTP/1.1" 200 -
::1 - - [12/Jun/2025 23:54:29] "GET / HTTP/1.1" 200 -
::1 - - [12/Jun/2025 23:54:34] "GET / HTTP/1.1" 200 -
::1 - - [12/Jun/2025 23:54:39] "GET / HTTP/1.1" 200 -
::1 - - [12/Jun/2025 23:54:44] "GET / HTTP/1.1" 200 -
::1 - - [12/Jun/2025 23:54:49] "GET / HTTP/1.1" 200 -
::1 - - [12/Jun/2025 23:54:54] "GET / HTTP/1.1" 200 -
::1 - - [12/Jun/2025 23:54:59] "GET / HTTP/1.1" 200 -
::1 - - [12/Jun/2025 23:55:04] "GET / HTTP/1.1" 200 -
::1 - - [12/Jun/2025 23:55:09] "GET / HTTP/1.1" 200 -
::1 - - [12/Jun/2025 23:55:14] "GET / HTTP/1.1" 200 -
::1 - - [12/Jun/2025 23:55:19] "GET / HTTP/1.1" 200 -
::1 - - [12/Jun/2025 23:55:24] "GET / HTTP/1.1" 200 -
::1 - - [12/Jun/2025 23:55:29] "GET / HTTP/1.1" 200 -
::1 - - [12/Jun/2025 23:55:34] "GET / HTTP/1.1" 200 -
::1 - - [12/Jun/2025 23:55:39] "GET / HTTP/1.1" 200 -
::1 - - [12/Jun/2025 23:55:44] "GET / HTTP/1.1" 200 -
::1 - - [12/Jun/2025 23:55:49] "GET / HTTP/1.1" 200 -
::1 - - [12/Jun/2025 23:55:54] "GET / HTTP/1.1" 200 -
::1 - - [12/Jun/2025 23:55:59] "GET / HTTP/1.1" 200 -
::1 - - [12/Jun/2025 23:56:04] "GET / HTTP/1.1" 200 -
::1 - - [12/Jun/2025 23:56:09] "GET / HTTP/1.1" 200 -
::1 - - [12/Jun/2025 23:56:14] "GET / HTTP/1.1" 200 -
::1 - - [12/Jun/2025 23:56:19] "GET / HTTP/1.1" 200 -
::1 - - [12/Jun/2025 23:56:24] "GET / HTTP/1.1" 200 -
::1 - - [12/Jun/2025 23:56:29] "GET / HTTP/1.1" 200 -
::1 - - [12/Jun/2025 23:56:34] "GET / HTTP/1.1" 200 -
::1 - - [12/Jun/2025 23:56:39] "GET / HTTP/1.1" 200 -
::1 - - [12/Jun/2025 23:56:44] "GET / HTTP/1.1" 200 -
::1 - - [12/Jun/2025 23:56:49] "GET / HTTP/1.1" 200 -
::1 - - [12/Jun/2025 23:56:54] "GET / HTTP/1.1" 200 -
::1 - - [12/Jun/2025 23:56:59] "GET / HTTP/1.1" 200 -
::1 - - [12/Jun/2025 23:57:04] "GET / HTTP/1.1" 200 -
::1 - - [12/Jun/2025 23:57:09] "GET / HTTP/1.1" 200 -
::1 - - [12/Jun/2025 23:57:14] "GET / HTTP/1.1" 200 -
::1 - - [12/Jun/2025 23:57:19] "GET / HTTP/1.1" 200 -
::1 - - [12/Jun/2025 23:57:24] "GET / HTTP/1.1" 200 -
::1 - - [12/Jun/2025 23:57:29] "GET / HTTP/1.1" 200 -
::1 - - [12/Jun/2025 23:57:34] "GET / HTTP/1.1" 200 -
::1 - - [12/Jun/2025 23:57:39] "GET / HTTP/1.1" 200 -
::1 - - [12/Jun/2025 23:57:44] "GET / HTTP/1.1" 200 -
::1 - - [12/Jun/2025 23:57:49] "GET / HTTP/1.1" 200 -
::1 - - [12/Jun/2025 23:57:54] "GET / HTTP/1.1" 200 -
::1 - - [12/Jun/2025 23:57:59] "GET / HTTP/1.1" 200 -
::1 - - [12/Jun/2025 23:58:04] "GET / HTTP/1.1" 200 -
::1 - - [12/Jun/2025 23:58:09] "GET / HTTP/1.1" 200 -
::1 - - [12/Jun/2025 23:58:14] "GET / HTTP/1.1" 200 -
::1 - - [12/Jun/2025 23:58:19] "GET / HTTP/1.1" 200 -
::1 - - [12/Jun/2025 23:58:24] "GET / HTTP/1.1" 200 -
::1 - - [12/Jun/2025 23:58:29] "GET / HTTP/1.1" 200 -
::1 - - [12/Jun/2025 23:58:34] "GET / HTTP/1.1" 200 -
::1 - - [12/Jun/2025 23:58:39] "GET / HTTP/1.1" 200 -
::1 - - [12/Jun/2025 23:58:44] "GET / HTTP/1.1" 200 -
::1 - - [12/Jun/2025 23:58:49] "GET / HTTP/1.1" 200 -
::1 - - [12/Jun/2025 23:58:54] "GET / HTTP/1.1" 200 -
::1 - - [12/Jun/2025 23:58:59] "GET / HTTP/1.1" 200 -
::1 - - [12/Jun/2025 23:59:04] "GET / HTTP/1.1" 200 -
::1 - - [12/Jun/2025 23:59:09] "GET / HTTP/1.1" 200 -
::1 - - [12/Jun/2025 23:59:14] "GET / HTTP/1.1" 200 -
::1 - - [12/Jun/2025 23:59:19] "GET / HTTP/1.1" 200 -
::1 - - [12/Jun/2025 23:59:24] "GET / HTTP/1.1" 200 -
::1 - - [12/Jun/2025 23:59:29] "GET / HTTP/1.1" 200 -
::1 - - [12/Jun/2025 23:59:34] "GET / HTTP/1.1" 200 -
::1 - - [12/Jun/2025 23:59:39] "GET / HTTP/1.1" 200 -
::1 - - [12/Jun/2025 23:59:44] "GET / HTTP/1.1" 200 -
::1 - - [12/Jun/2025 23:59:49] "GET / HTTP/1.1" 200 -
::1 - - [12/Jun/2025 23:59:54] "GET / HTTP/1.1" 200 -
::1 - - [12/Jun/2025 23:59:59] "GET / HTTP/1.1" 200 -
::1 - - [13/Jun/2025 00:00:04] "GET / HTTP/1.1" 200 -
::1 - - [13/Jun/2025 00:00:09] "GET / HTTP/1.1" 200 -
::1 - - [13/Jun/2025 00:00:14] "GET / HTTP/1.1" 200 -
::1 - - [13/Jun/2025 00:00:19] "GET / HTTP/1.1" 200 -
::1 - - [13/Jun/2025 00:00:24] "GET / HTTP/1.1" 200 -
::1 - - [13/Jun/2025 00:00:29] "GET / HTTP/1.1" 200 -
::1 - - [13/Jun/2025 00:00:34] "GET / HTTP/1.1" 200 -
::1 - - [13/Jun/2025 00:00:39] "GET / HTTP/1.1" 200 -
::1 - - [13/Jun/2025 00:00:44] "GET / HTTP/1.1" 200 -
::1 - - [13/Jun/2025 00:00:49] "GET / HTTP/1.1" 200 -
::1 - - [13/Jun/2025 00:00:54] "GET / HTTP/1.1" 200 -
::1 - - [13/Jun/2025 00:00:59] "GET / HTTP/1.1" 200 -
::1 - - [13/Jun/2025 00:01:04] "GET / HTTP/1.1" 200 -
::1 - - [13/Jun/2025 00:01:09] "GET / HTTP/1.1" 200 -
::1 - - [13/Jun/2025 00:01:14] "GET / HTTP/1.1" 200 -
::1 - - [13/Jun/2025 00:01:19] "GET / HTTP/1.1" 200 -
::1 - - [13/Jun/2025 00:01:24] "GET / HTTP/1.1" 200 -
::1 - - [13/Jun/2025 00:01:29] "GET / HTTP/1.1" 200 -
::1 - - [13/Jun/2025 00:01:34] "GET / HTTP/1.1" 200 -
::1 - - [13/Jun/2025 00:01:39] "GET / HTTP/1.1" 200 -
::1 - - [13/Jun/2025 00:01:44] "GET / HTTP/1.1" 200 -
::1 - - [13/Jun/2025 00:01:49] "GET / HTTP/1.1" 200 -
::1 - - [13/Jun/2025 00:01:54] "GET / HTTP/1.1" 200 -
::1 - - [13/Jun/2025 00:01:59] "GET / HTTP/1.1" 200 -
::1 - - [13/Jun/2025 00:02:04] "GET / HTTP/1.1" 200 -
::1 - - [13/Jun/2025 00:02:09] "GET / HTTP/1.1" 200 -
::1 - - [13/Jun/2025 00:02:14] "GET / HTTP/1.1" 200 -
::1 - - [13/Jun/2025 00:02:19] "GET / HTTP/1.1" 200 -
::1 - - [13/Jun/2025 00:02:24] "GET / HTTP/1.1" 200 -
::1 - - [13/Jun/2025 00:02:29] "GET / HTTP/1.1" 200 -
::1 - - [13/Jun/2025 00:02:34] "GET / HTTP/1.1" 200 -
::1 - - [13/Jun/2025 00:02:39] "GET / HTTP/1.1" 200 -
::1 - - [13/Jun/2025 00:02:44] "GET / HTTP/1.1" 200 -
::1 - - [13/Jun/2025 00:02:49] "GET / HTTP/1.1" 200 -
::1 - - [13/Jun/2025 00:02:54] "GET / HTTP/1.1" 200 -
::1 - - [13/Jun/2025 00:02:59] "GET / HTTP/1.1" 200 -
::1 - - [13/Jun/2025 00:03:04] "GET / HTTP/1.1" 200 -
::1 - - [13/Jun/2025 00:03:09] "GET / HTTP/1.1" 200 -
::1 - - [13/Jun/2025 00:03:14] "GET / HTTP/1.1" 200 -
::1 - - [13/Jun/2025 00:03:19] "GET / HTTP/1.1" 200 -
::1 - - [13/Jun/2025 00:03:24] "GET / HTTP/1.1" 200 -
::1 - - [13/Jun/2025 00:03:29] "GET / HTTP/1.1" 200 -
::1 - - [13/Jun/2025 00:03:34] "GET / HTTP/1.1" 200 -
::1 - - [13/Jun/2025 00:03:39] "GET / HTTP/1.1" 200 -
::1 - - [13/Jun/2025 00:03:44] "GET / HTTP/1.1" 200 -
::1 - - [13/Jun/2025 00:03:49] "GET / HTTP/1.1" 200 -
::1 - - [13/Jun/2025 00:03:54] "GET / HTTP/1.1" 200 -
::1 - - [13/Jun/2025 00:03:59] "GET / HTTP/1.1" 200 -
::1 - - [13/Jun/2025 00:04:04] "GET / HTTP/1.1" 200 -
::1 - - [13/Jun/2025 00:04:09] "GET / HTTP/1.1" 200 -
::1 - - [13/Jun/2025 00:04:14] "GET / HTTP/1.1" 200 -
::1 - - [13/Jun/2025 00:04:19] "GET / HTTP/1.1" 200 -
::1 - - [13/Jun/2025 00:04:24] "GET / HTTP/1.1" 200 -
::1 - - [13/Jun/2025 00:04:29] "GET / HTTP/1.1" 200 -
::1 - - [13/Jun/2025 00:04:34] "GET / HTTP/1.1" 200 -
::1 - - [13/Jun/2025 00:04:39] "GET / HTTP/1.1" 200 -
::1 - - [13/Jun/2025 00:04:44] "GET / HTTP/1.1" 200 -
::1 - - [13/Jun/2025 00:04:49] "GET / HTTP/1.1" 200 -
::1 - - [13/Jun/2025 00:04:54] "GET / HTTP/1.1" 200 -
::1 - - [13/Jun/2025 00:04:59] "GET / HTTP/1.1" 200 -
::1 - - [13/Jun/2025 00:05:04] "GET / HTTP/1.1" 200 -
::1 - - [13/Jun/2025 00:05:09] "GET / HTTP/1.1" 200 -
::1 - - [13/Jun/2025 00:05:14] "GET / HTTP/1.1" 200 -
::1 - - [13/Jun/2025 00:05:19] "GET / HTTP/1.1" 200 -
::1 - - [13/Jun/2025 00:05:24] "GET / HTTP/1.1" 200 -
::1 - - [13/Jun/2025 00:05:29] "GET / HTTP/1.1" 200 -
::1 - - [13/Jun/2025 00:05:34] "GET / HTTP/1.1" 200 -
::1 - - [13/Jun/2025 00:05:39] "GET / HTTP/1.1" 200 -
::1 - - [13/Jun/2025 00:05:44] "GET / HTTP/1.1" 200 -
::1 - - [13/Jun/2025 00:05:49] "GET / HTTP/1.1" 200 -
::1 - - [13/Jun/2025 00:05:54] "GET / HTTP/1.1" 200 -
::1 - - [13/Jun/2025 00:05:59] "GET / HTTP/1.1" 200 -
::1 - - [13/Jun/2025 00:06:04] "GET / HTTP/1.1" 200 -
::1 - - [13/Jun/2025 00:06:09] "GET / HTTP/1.1" 200 -
::1 - - [13/Jun/2025 00:06:14] "GET / HTTP/1.1" 200 -
::1 - - [13/Jun/2025 00:06:19] "GET / HTTP/1.1" 200 -
::1 - - [13/Jun/2025 00:06:24] "GET / HTTP/1.1" 200 -
::1 - - [13/Jun/2025 00:06:29] "GET / HTTP/1.1" 200 -
::1 - - [13/Jun/2025 00:06:34] "GET / HTTP/1.1" 200 -
::1 - - [13/Jun/2025 00:06:39] "GET / HTTP/1.1" 200 -
::1 - - [13/Jun/2025 00:06:44] "GET / HTTP/1.1" 200 -
::1 - - [13/Jun/2025 00:06:49] "GET / HTTP/1.1" 200 -
::1 - - [13/Jun/2025 00:06:54] "GET / HTTP/1.1" 200 -
::1 - - [13/Jun/2025 00:06:59] "GET / HTTP/1.1" 200 -
::1 - - [13/Jun/2025 00:07:04] "GET / HTTP/1.1" 200 -
::1 - - [13/Jun/2025 00:07:09] "GET / HTTP/1.1" 200 -
::1 - - [13/Jun/2025 00:07:14] "GET / HTTP/1.1" 200 -
::1 - - [13/Jun/2025 00:07:19] "GET / HTTP/1.1" 200 -
::1 - - [13/Jun/2025 00:07:24] "GET / HTTP/1.1" 200 -
::1 - - [13/Jun/2025 00:07:29] "GET / HTTP/1.1" 200 -
::1 - - [13/Jun/2025 00:07:34] "GET / HTTP/1.1" 200 -
::1 - - [13/Jun/2025 00:07:39] "GET / HTTP/1.1" 200 -
::1 - - [13/Jun/2025 00:07:44] "GET / HTTP/1.1" 200 -
::1 - - [13/Jun/2025 00:07:49] "GET / HTTP/1.1" 200 -
::1 - - [13/Jun/2025 00:07:54] "GET / HTTP/1.1" 200 -
::1 - - [13/Jun/2025 00:07:59] "GET / HTTP/1.1" 200 -
::1 - - [13/Jun/2025 00:08:04] "GET / HTTP/1.1" 200 -
::1 - - [13/Jun/2025 00:08:09] "GET / HTTP/1.1" 200 -
::1 - - [13/Jun/2025 00:08:14] "GET / HTTP/1.1" 200 -
::1 - - [13/Jun/2025 00:08:19] "GET / HTTP/1.1" 200 -
::1 - - [13/Jun/2025 00:08:24] "GET / HTTP/1.1" 200 -
::1 - - [13/Jun/2025 00:08:29] "GET / HTTP/1.1" 200 -
::1 - - [13/Jun/2025 00:08:34] "GET / HTTP/1.1" 200 -
::1 - - [13/Jun/2025 00:08:39] "GET / HTTP/1.1" 200 -
::1 - - [13/Jun/2025 00:08:44] "GET / HTTP/1.1" 200 -
::1 - - [13/Jun/2025 00:08:49] "GET / HTTP/1.1" 200 -
::1 - - [13/Jun/2025 00:08:54] "GET / HTTP/1.1" 200 -
::1 - - [13/Jun/2025 00:08:59] "GET / HTTP/1.1" 200 -
::1 - - [13/Jun/2025 00:09:04] "GET / HTTP/1.1" 200 -
::1 - - [13/Jun/2025 00:09:09] "GET / HTTP/1.1" 200 -
::1 - - [13/Jun/2025 00:09:14] "GET / HTTP/1.1" 200 -
::1 - - [13/Jun/2025 00:09:19] "GET / HTTP/1.1" 200 -
::1 - - [13/Jun/2025 00:09:24] "GET / HTTP/1.1" 200 -
::1 - - [13/Jun/2025 00:09:29] "GET / HTTP/1.1" 200 -
::1 - - [13/Jun/2025 00:09:34] "GET / HTTP/1.1" 200 -
::1 - - [13/Jun/2025 00:09:39] "GET / HTTP/1.1" 200 -
::1 - - [13/Jun/2025 00:09:44] "GET / HTTP/1.1" 200 -
::1 - - [13/Jun/2025 00:09:49] "GET / HTTP/1.1" 200 -
::1 - - [13/Jun/2025 00:09:54] "GET / HTTP/1.1" 200 -
::1 - - [13/Jun/2025 00:09:59] "GET / HTTP/1.1" 200 -
::1 - - [13/Jun/2025 00:10:04] "GET / HTTP/1.1" 200 -
::1 - - [13/Jun/2025 00:10:09] "GET / HTTP/1.1" 200 -
::1 - - [13/Jun/2025 00:10:14] "GET / HTTP/1.1" 200 -
::1 - - [13/Jun/2025 00:10:19] "GET / HTTP/1.1" 200 -
::1 - - [13/Jun/2025 00:10:24] "GET / HTTP/1.1" 200 -
::1 - - [13/Jun/2025 00:10:29] "GET / HTTP/1.1" 200 -
::1 - - [13/Jun/2025 00:10:34] "GET / HTTP/1.1" 200 -
::1 - - [13/Jun/2025 00:10:39] "GET / HTTP/1.1" 200 -
::1 - - [13/Jun/2025 00:10:44] "GET / HTTP/1.1" 200 -
::1 - - [13/Jun/2025 00:10:49] "GET / HTTP/1.1" 200 -
::1 - - [13/Jun/2025 00:10:54] "GET / HTTP/1.1" 200 -
::1 - - [13/Jun/2025 00:10:59] "GET / HTTP/1.1" 200 -
::1 - - [13/Jun/2025 00:11:04] "GET / HTTP/1.1" 200 -
::1 - - [13/Jun/2025 00:11:09] "GET / HTTP/1.1" 200 -
::1 - - [13/Jun/2025 00:11:14] "GET / HTTP/1.1" 200 -
::1 - - [13/Jun/2025 00:11:19] "GET / HTTP/1.1" 200 -
::1 - - [13/Jun/2025 00:11:24] "GET / HTTP/1.1" 200 -
::1 - - [13/Jun/2025 00:11:29] "GET / HTTP/1.1" 200 -
::1 - - [13/Jun/2025 00:11:34] "GET / HTTP/1.1" 200 -
::1 - - [13/Jun/2025 00:11:39] "GET / HTTP/1.1" 200 -
::1 - - [13/Jun/2025 00:11:44] "GET / HTTP/1.1" 200 -
::1 - - [13/Jun/2025 00:11:49] "GET / HTTP/1.1" 200 -
::1 - - [13/Jun/2025 00:11:54] "GET / HTTP/1.1" 200 -
::1 - - [13/Jun/2025 00:11:59] "GET / HTTP/1.1" 200 -
::1 - - [13/Jun/2025 00:12:04] "GET / HTTP/1.1" 200 -
::1 - - [13/Jun/2025 00:12:09] "GET / HTTP/1.1" 200 -
::1 - - [13/Jun/2025 00:12:14] "GET / HTTP/1.1" 200 -
::1 - - [13/Jun/2025 00:12:19] "GET / HTTP/1.1" 200 -
::1 - - [13/Jun/2025 00:12:24] "GET / HTTP/1.1" 200 -
::1 - - [13/Jun/2025 00:12:29] "GET / HTTP/1.1" 200 -
::1 - - [13/Jun/2025 00:12:34] "GET / HTTP/1.1" 200 -
::1 - - [13/Jun/2025 00:12:39] "GET / HTTP/1.1" 200 -
::1 - - [13/Jun/2025 00:12:44] "GET / HTTP/1.1" 200 -
::1 - - [13/Jun/2025 00:12:49] "GET / HTTP/1.1" 200 -
::1 - - [13/Jun/2025 00:12:54] "GET / HTTP/1.1" 200 -
::1 - - [13/Jun/2025 00:12:59] "GET / HTTP/1.1" 200 -
::1 - - [13/Jun/2025 00:13:04] "GET / HTTP/1.1" 200 -
::1 - - [13/Jun/2025 00:13:09] "GET / HTTP/1.1" 200 -
::1 - - [13/Jun/2025 00:13:14] "GET / HTTP/1.1" 200 -
::1 - - [13/Jun/2025 00:13:19] "GET / HTTP/1.1" 200 -
::1 - - [13/Jun/2025 00:13:24] "GET / HTTP/1.1" 200 -
::1 - - [13/Jun/2025 00:13:29] "GET / HTTP/1.1" 200 -
::1 - - [13/Jun/2025 00:13:34] "GET / HTTP/1.1" 200 -
::1 - - [13/Jun/2025 00:13:39] "GET / HTTP/1.1" 200 -
::1 - - [13/Jun/2025 00:13:44] "GET / HTTP/1.1" 200 -
::1 - - [13/Jun/2025 00:13:49] "GET / HTTP/1.1" 200 -
::1 - - [13/Jun/2025 00:13:54] "GET / HTTP/1.1" 200 -
::1 - - [13/Jun/2025 00:13:59] "GET / HTTP/1.1" 200 -
::1 - - [13/Jun/2025 00:14:04] "GET / HTTP/1.1" 200 -
::1 - - [13/Jun/2025 00:14:09] "GET / HTTP/1.1" 200 -
::1 - - [13/Jun/2025 00:14:14] "GET / HTTP/1.1" 200 -
::1 - - [13/Jun/2025 00:14:19] "GET / HTTP/1.1" 200 -
::1 - - [13/Jun/2025 00:14:24] "GET / HTTP/1.1" 200 -
::1 - - [13/Jun/2025 00:14:29] "GET / HTTP/1.1" 200 -
::1 - - [13/Jun/2025 00:14:34] "GET / HTTP/1.1" 200 -
::1 - - [13/Jun/2025 00:14:39] "GET / HTTP/1.1" 200 -
::1 - - [13/Jun/2025 00:14:44] "GET / HTTP/1.1" 200 -
::1 - - [13/Jun/2025 00:14:49] "GET / HTTP/1.1" 200 -
::1 - - [13/Jun/2025 00:14:54] "GET / HTTP/1.1" 200 -
::1 - - [13/Jun/2025 00:14:59] "GET / HTTP/1.1" 200 -
::1 - - [13/Jun/2025 00:15:04] "GET / HTTP/1.1" 200 -
::1 - - [13/Jun/2025 00:15:09] "GET / HTTP/1.1" 200 -
::1 - - [13/Jun/2025 00:15:14] "GET / HTTP/1.1" 200 -
::1 - - [13/Jun/2025 00:15:19] "GET / HTTP/1.1" 200 -
::1 - - [13/Jun/2025 00:15:24] "GET / HTTP/1.1" 200 -
::1 - - [13/Jun/2025 00:15:29] "GET / HTTP/1.1" 200 -
::1 - - [13/Jun/2025 00:15:34] "GET / HTTP/1.1" 200 -
::1 - - [13/Jun/2025 00:15:39] "GET / HTTP/1.1" 200 -
::1 - - [13/Jun/2025 00:15:44] "GET / HTTP/1.1" 200 -
::1 - - [13/Jun/2025 00:15:49] "GET / HTTP/1.1" 200 -
::1 - - [13/Jun/2025 00:15:54] "GET / HTTP/1.1" 200 -
::1 - - [13/Jun/2025 00:15:59] "GET / HTTP/1.1" 200 -
::1 - - [13/Jun/2025 00:16:04] "GET / HTTP/1.1" 200 -
::1 - - [13/Jun/2025 00:16:09] "GET / HTTP/1.1" 200 -
::1 - - [13/Jun/2025 00:16:14] "GET / HTTP/1.1" 200 -
::1 - - [13/Jun/2025 00:16:19] "GET / HTTP/1.1" 200 -
::1 - - [13/Jun/2025 00:16:24] "GET / HTTP/1.1" 200 -
::1 - - [13/Jun/2025 00:16:29] "GET / HTTP/1.1" 200 -
::1 - - [13/Jun/2025 00:16:34] "GET / HTTP/1.1" 200 -
::1 - - [13/Jun/2025 00:16:39] "GET / HTTP/1.1" 200 -
::1 - - [13/Jun/2025 00:16:44] "GET / HTTP/1.1" 200 -
::1 - - [13/Jun/2025 00:16:49] "GET / HTTP/1.1" 200 -
::1 - - [13/Jun/2025 00:16:54] "GET / HTTP/1.1" 200 -
::1 - - [13/Jun/2025 00:16:59] "GET / HTTP/1.1" 200 -
::1 - - [13/Jun/2025 00:17:04] "GET / HTTP/1.1" 200 -
::1 - - [13/Jun/2025 00:17:09] "GET / HTTP/1.1" 200 -
::1 - - [13/Jun/2025 00:17:14] "GET / HTTP/1.1" 200 -
::1 - - [13/Jun/2025 00:17:19] "GET / HTTP/1.1" 200 -
::1 - - [13/Jun/2025 00:17:24] "GET / HTTP/1.1" 200 -
::1 - - [13/Jun/2025 00:17:29] "GET / HTTP/1.1" 200 -
::1 - - [13/Jun/2025 00:17:34] "GET / HTTP/1.1" 200 -
::1 - - [13/Jun/2025 00:17:39] "GET / HTTP/1.1" 200 -
::1 - - [13/Jun/2025 00:17:44] "GET / HTTP/1.1" 200 -
::1 - - [13/Jun/2025 00:17:49] "GET / HTTP/1.1" 200 -
::1 - - [13/Jun/2025 00:17:54] "GET / HTTP/1.1" 200 -
::1 - - [13/Jun/2025 00:17:59] "GET / HTTP/1.1" 200 -
::1 - - [13/Jun/2025 00:18:04] "GET / HTTP/1.1" 200 -
::1 - - [13/Jun/2025 00:18:09] "GET / HTTP/1.1" 200 -
::1 - - [13/Jun/2025 00:18:14] "GET / HTTP/1.1" 200 -
::1 - - [13/Jun/2025 00:18:19] "GET / HTTP/1.1" 200 -
::1 - - [13/Jun/2025 00:18:24] "GET / HTTP/1.1" 200 -
::1 - - [13/Jun/2025 00:18:29] "GET / HTTP/1.1" 200 -
::1 - - [13/Jun/2025 00:18:34] "GET / HTTP/1.1" 200 -
::1 - - [13/Jun/2025 00:18:39] "GET / HTTP/1.1" 200 -
::1 - - [13/Jun/2025 00:18:44] "GET / HTTP/1.1" 200 -
::1 - - [13/Jun/2025 00:18:49] "GET / HTTP/1.1" 200 -
::1 - - [13/Jun/2025 00:18:54] "GET / HTTP/1.1" 200 -
::1 - - [13/Jun/2025 00:18:59] "GET / HTTP/1.1" 200 -
::1 - - [13/Jun/2025 00:19:04] "GET / HTTP/1.1" 200 -
::1 - - [13/Jun/2025 00:19:09] "GET / HTTP/1.1" 200 -
::1 - - [13/Jun/2025 00:19:14] "GET / HTTP/1.1" 200 -
::1 - - [13/Jun/2025 00:19:19] "GET / HTTP/1.1" 200 -
::1 - - [13/Jun/2025 00:19:24] "GET / HTTP/1.1" 200 -
::1 - - [13/Jun/2025 00:19:29] "GET / HTTP/1.1" 200 -
::1 - - [13/Jun/2025 00:19:34] "GET / HTTP/1.1" 200 -
::1 - - [13/Jun/2025 00:19:39] "GET / HTTP/1.1" 200 -
::1 - - [13/Jun/2025 00:19:44] "GET / HTTP/1.1" 200 -
::1 - - [13/Jun/2025 00:19:49] "GET / HTTP/1.1" 200 -
::1 - - [13/Jun/2025 00:19:54] "GET / HTTP/1.1" 200 -
::1 - - [13/Jun/2025 00:19:59] "GET / HTTP/1.1" 200 -
::1 - - [13/Jun/2025 00:20:04] "GET / HTTP/1.1" 200 -
::1 - - [13/Jun/2025 00:20:09] "GET / HTTP/1.1" 200 -
::1 - - [13/Jun/2025 00:20:14] "GET / HTTP/1.1" 200 -
::1 - - [13/Jun/2025 00:20:19] "GET / HTTP/1.1" 200 -
::1 - - [13/Jun/2025 00:20:24] "GET / HTTP/1.1" 200 -
::1 - - [13/Jun/2025 00:20:29] "GET / HTTP/1.1" 200 -
::1 - - [13/Jun/2025 00:20:34] "GET / HTTP/1.1" 200 -
::1 - - [13/Jun/2025 00:20:39] "GET / HTTP/1.1" 200 -
::1 - - [13/Jun/2025 00:20:44] "GET / HTTP/1.1" 200 -
::1 - - [13/Jun/2025 00:20:49] "GET / HTTP/1.1" 200 -
::1 - - [13/Jun/2025 00:20:54] "GET / HTTP/1.1" 200 -
::1 - - [13/Jun/2025 00:20:59] "GET / HTTP/1.1" 200 -
::1 - - [13/Jun/2025 00:21:04] "GET / HTTP/1.1" 200 -
::1 - - [13/Jun/2025 00:21:09] "GET / HTTP/1.1" 200 -
::1 - - [13/Jun/2025 00:21:14] "GET / HTTP/1.1" 200 -
::1 - - [13/Jun/2025 00:21:19] "GET / HTTP/1.1" 200 -
::1 - - [13/Jun/2025 00:21:24] "GET / HTTP/1.1" 200 -
::1 - - [13/Jun/2025 00:21:29] "GET / HTTP/1.1" 200 -
::1 - - [13/Jun/2025 00:21:34] "GET / HTTP/1.1" 200 -
::1 - - [13/Jun/2025 00:21:39] "GET / HTTP/1.1" 200 -
::1 - - [13/Jun/2025 00:21:44] "GET / HTTP/1.1" 200 -
::1 - - [13/Jun/2025 00:21:49] "GET / HTTP/1.1" 200 -
::1 - - [13/Jun/2025 00:21:54] "GET / HTTP/1.1" 200 -
::1 - - [13/Jun/2025 00:21:59] "GET / HTTP/1.1" 200 -
::1 - - [13/Jun/2025 00:22:04] "GET / HTTP/1.1" 200 -
::1 - - [13/Jun/2025 00:22:09] "GET / HTTP/1.1" 200 -
::1 - - [13/Jun/2025 00:22:14] "GET / HTTP/1.1" 200 -
::1 - - [13/Jun/2025 00:22:19] "GET / HTTP/1.1" 200 -
::1 - - [13/Jun/2025 00:22:24] "GET / HTTP/1.1" 200 -
::1 - - [13/Jun/2025 00:22:29] "GET / HTTP/1.1" 200 -
::1 - - [13/Jun/2025 00:22:34] "GET / HTTP/1.1" 200 -
::1 - - [13/Jun/2025 00:22:39] "GET / HTTP/1.1" 200 -
::1 - - [13/Jun/2025 00:22:44] "GET / HTTP/1.1" 200 -
::1 - - [13/Jun/2025 00:22:49] "GET / HTTP/1.1" 200 -
::1 - - [13/Jun/2025 00:22:54] "GET / HTTP/1.1" 200 -
::1 - - [13/Jun/2025 00:22:59] "GET / HTTP/1.1" 200 -
::1 - - [13/Jun/2025 00:23:04] "GET / HTTP/1.1" 200 -
