   Compiling log v0.4.27
   Compiling serde v1.0.219
   Compiling shlex v1.3.0
   Compiling smallvec v1.15.1
   Compiling bytes v1.10.1
   Compiling crossbeam-utils v0.8.21
   Compiling stable_deref_trait v1.2.0
   Compiling libm v0.2.15
   Compiling num-traits v0.2.19
   Compiling futures-io v0.3.31
   Compiling jobserver v0.1.33
   Compiling socket2 v0.5.10
   Compiling mio v1.0.4
   Compiling syn v2.0.102
   Compiling tracing-core v0.1.34
   Compiling futures-sink v0.3.31
   Compiling writeable v0.6.1
   Compiling litemap v0.8.0
   Compiling getrandom v0.3.3
   Compiling zerocopy v0.8.25
   Compiling icu_normalizer_data v2.0.0
   Compiling cc v1.2.26
   Compiling parking_lot_core v0.9.11
   Compiling getrandom v0.2.16
   Compiling percent-encoding v2.3.1
   Compiling icu_properties_data v2.0.1
   Compiling paste v1.0.15
   Compiling futures-channel v0.3.31
   Compiling signal-hook-registry v1.4.5
   Compiling minimal-lexical v0.2.1
   Compiling parking_lot v0.12.4
   Compiling bitflags v2.9.1
   Compiling hashbrown v0.15.4
   Compiling thiserror v1.0.69
   Compiling equivalent v1.0.2
   Compiling crossbeam-epoch v0.9.18
   Compiling rayon-core v1.12.1
   Compiling subtle v2.6.1
   Compiling utf8_iter v1.0.4
   Compiling nom v7.1.3
   Compiling synstructure v0.13.2
   Compiling digest v0.10.7
   Compiling ahash v0.8.12
   Compiling untrusted v0.9.0
   Compiling serde_json v1.0.140
   Compiling crossbeam-deque v0.8.6
   Compiling indexmap v2.9.0
   Compiling fnv v1.0.7
   Compiling num-integer v0.1.46
   Compiling allocator-api2 v0.2.21
   Compiling rustls v0.21.12
   Compiling http v1.3.1
   Compiling core-foundation-sys v0.8.7
   Compiling ppv-lite86 v0.2.21
   Compiling ring v0.17.14
   Compiling rand_core v0.6.4
   Compiling simd-adler32 v0.3.7
   Compiling unicode_categories v0.1.1
   Compiling serde_derive v1.0.219
   Compiling zerovec-derive v0.11.1
   Compiling displaydoc v0.2.5
   Compiling tracing-attributes v0.1.29
   Compiling zerofrom-derive v0.1.6
   Compiling yoke-derive v0.8.0
   Compiling tokio-macros v2.5.0
   Compiling futures-macro v0.3.31
   Compiling thiserror-impl v1.0.69
   Compiling hashbrown v0.14.5
   Compiling rustix v1.0.7
   Compiling crc-catalog v2.4.0
   Compiling base64 v0.21.7
   Compiling crc v3.3.0
   Compiling http-body v1.0.1
   Compiling sha2 v0.10.9
   Compiling wasm-bindgen-backend v0.2.100
   Compiling rand_chacha v0.3.1
   Compiling zerofrom v0.1.6
   Compiling sqlformat v0.2.6
   Compiling futures-util v0.3.31
   Compiling num-bigint v0.4.6
   Compiling tokio v1.45.1
   Compiling tracing v0.1.41
   Compiling yoke v0.8.0
   Compiling hashlink v0.8.4
   Compiling rustls-pemfile v1.0.4
   Compiling equator-macro v0.4.2
   Compiling crossbeam-queue v0.3.12
   Compiling errno v0.3.12
   Compiling zerovec v0.11.2
   Compiling zerotrie v0.2.2
   Compiling byteorder v1.5.0
   Compiling event-listener v2.5.3
   Compiling hex v0.4.3
   Compiling tower-service v0.3.3
   Compiling webpki-roots v0.25.4
   Compiling wasm-bindgen-macro-support v0.2.100
   Compiling num-rational v0.4.2
   Compiling equator v0.4.2
   Compiling core-foundation v0.9.4
   Compiling form_urlencoded v1.2.1
   Compiling fastrand v2.3.0
   Compiling tinyvec_macros v0.1.1
   Compiling bytemuck v1.23.1
   Compiling anyhow v1.0.98
   Compiling pkg-config v0.3.32
   Compiling adler2 v2.0.1
   Compiling vcpkg v0.2.15
   Compiling tinystr v0.8.1
   Compiling potential_utf v0.1.2
   Compiling either v1.15.0
   Compiling wasm-bindgen-macro v0.2.100
   Compiling miniz_oxide v0.8.9
   Compiling tempfile v3.20.0
   Compiling icu_collections v2.0.0
   Compiling tinyvec v1.9.0
   Compiling aligned-vec v0.6.4
   Compiling icu_locale_core v2.0.0
   Compiling rayon v1.10.0
   Compiling tokio-util v0.7.15
   Compiling libsqlite3-sys v0.27.0
   Compiling spin v0.9.8
   Compiling system-configuration-sys v0.6.0
   Compiling arrayvec v0.7.6
   Compiling tower-layer v0.3.3
   Compiling httparse v1.10.1
   Compiling built v0.7.7
   Compiling icu_provider v2.0.0
   Compiling sct v0.7.1
   Compiling rustls-webpki v0.101.7
   Compiling atoi v2.0.0
   Compiling unicode-normalization v0.1.24
   Compiling futures-intrusive v0.5.0
   Compiling nasm-rs v0.2.5
   Compiling v_frame v0.3.9
   Compiling wasm-bindgen v0.2.100
   Compiling profiling-procmacros v1.0.16
   Compiling hmac v0.12.1
   Compiling icu_properties v2.0.1
   Compiling icu_normalizer v2.0.0
   Compiling crc32fast v1.4.2
   Compiling rav1e v0.7.1
   Compiling atomic-waker v1.1.2
   Compiling unicode-properties v0.1.3
   Compiling unicode-bidi v0.3.18
   Compiling try-lock v0.2.5
   Compiling httpdate v1.0.3
   Compiling want v0.3.1
   Compiling flate2 v1.1.2
   Compiling h2 v0.4.10
   Compiling av1-grain v0.2.4
   Compiling profiling v1.0.16
   Compiling hkdf v0.12.4
   Compiling stringprep v0.1.5
   Compiling tokio-stream v0.1.17
   Compiling itertools v0.12.1
   Compiling maybe-rayon v0.1.1
   Compiling http-body-util v0.1.3
   Compiling idna_adapter v1.2.1
   Compiling num-derive v0.4.2
   Compiling idna v1.0.3
   Compiling arg_enum_proc_macro v0.3.4
   Compiling security-framework-sys v2.14.0
   Compiling md-5 v0.10.6
   Compiling simd_helpers v0.1.0
   Compiling sync_wrapper v1.0.2
   Compiling dotenvy v0.15.7
   Compiling bitstream-io v2.6.0
   Compiling mime v0.3.17
   Compiling new_debug_unreachable v1.0.6
   Compiling noop_proc_macro v0.3.0
   Compiling whoami v1.6.0
   Compiling syn v1.0.109
   Compiling quick-error v2.0.1
   Compiling imgref v1.11.0
   Compiling home v0.5.11
   Compiling native-tls v0.2.14
   Compiling weezl v0.1.10
   Compiling security-framework v2.11.1
   Compiling url v2.5.4
   Compiling loop9 v0.1.5
   Compiling system-configuration v0.6.1
   Compiling js-sys v0.3.77
   Compiling futures-executor v0.3.31
   Compiling avif-serialize v0.8.3
   Compiling flume v0.11.1
   Compiling safe_arch v0.7.4
   Compiling rand v0.8.5
   Compiling hyper v1.6.0
   Compiling zune-inflate v0.2.54
   Compiling sqlx-core v0.7.4
   Compiling fdeflate v0.3.7
   Compiling num-complex v0.4.6
   Compiling half v2.6.0
   Compiling matrixmultiply v0.3.10
   Compiling zune-core v0.4.12
   Compiling bit_field v0.10.2
   Compiling unicase v2.8.1
   Compiling unicode-segmentation v1.12.0
   Compiling color_quant v1.1.0
   Compiling bitflags v1.3.2
   Compiling lebe v0.5.2
   Compiling jpeg-decoder v0.3.1
   Compiling glob v0.3.2
   Compiling byteorder-lite v0.1.0
   Compiling ipnet v2.11.0
   Compiling rgb v0.8.50
   Compiling gif v0.13.1
   Compiling mime_guess v2.0.5
   Compiling image-webp v0.2.2
   Compiling heck v0.4.1
   Compiling exr v1.73.0
   Compiling zune-jpeg v0.4.17
   Compiling png v0.17.16
   Compiling wide v0.7.32
   Compiling libwebp-sys v0.9.6
   Compiling tiff v0.9.1
   Compiling hyper-util v0.1.14
   Compiling sqlx-sqlite v0.7.4
   Compiling sqlx-postgres v0.7.4
   Compiling tower v0.5.2
   Compiling qoi v0.4.1
   Compiling approx v0.5.1
   Compiling rawpointer v0.2.1
   Compiling ttf-parser v0.25.1
   Compiling simba v0.8.1
   Compiling tokio-native-tls v0.3.1
   Compiling serde_urlencoded v0.7.1
   Compiling num-iter v0.1.45
   Compiling async-trait v0.1.88
